<?xml version="1.0" encoding="UTF-8"?>
<!-- Generated by org.testng.reporters.JUnitReportReporter -->
<testsuite hostname="Prantas-Air" failures="0" tests="1" name="testPages.HomePageTest" time="19.672" errors="0" timestamp="2023-03-16T17:09:55 EDT" skipped="0">
  <testcase classname="testPages.HomePageTest" name="clickSearchFieldTest" time="19.672"/>
  <system-out/>
</testsuite> <!-- testPages.HomePageTest -->
