<?xml version="1.0" encoding="UTF-8"?>
<!-- Generated by org.testng.reporters.JUnitReportReporter -->
<testsuite hostname="Prantas-Air" failures="0" tests="1" name="testPages.HomePageTest" time="18.720" errors="0" timestamp="2023-03-14T20:10:00 EDT" skipped="0">
  <testcase classname="testPages.HomePageTest" name="clickLoginButtonTest" time="18.720"/>
  <system-out/>
</testsuite> <!-- testPages.HomePageTest -->
